{'num_workers': 4, 'seed': 42, 'device': 'cuda', 'verbose': False, 'save_interval': 500, 'log_interval': 50, 'ckpt_dir': './ckpts', 'dataset': {'name': 'llff', 'base_dir': './data/nerf_llff_data', 'object': 'fern', 'image_folder': 'images', 'factor': 8, 'image_preload': True, 'n_sample_rays': 1024, 'boundary_factor': 0.75, 'test_spiral': False, 'ndc': True}, 'model': {'name': 'basic_nerf', 'coarse_model_params': {'xyz_dim': 3, 'xyz_embedding_dim': 10, 'direction_dim': 3, 'direction_embedding_dim': 4, 'n_layers': 8, 'hidden_dim': 256, 'skip_concat_connection': [4], 'skip_connection': []}, 'fine_model_params': {'xyz_dim': 3, 'xyz_embedding_dim': 10, 'direction_dim': 3, 'direction_embedding_dim': 4, 'n_layers': 8, 'hidden_dim': 256, 'skip_concat_connection': [4], 'skip_connection': []}}, 'optimizer': {'name': 'adam', 'optimizer_params': {'lr': 0.0005, 'betas': [0.9, 0.999]}}, 'scheduler': {'name': 'step', 'scheduler_params': {'step_size': 400, 'gamma': 0.95}}, 'loss': {'name': 'l2'}, 'train': {'batch_size': 2, 'num_epochs': 20000, 'verbose': True, 'output_dir': './outputs', 'n_coarse_samples': 64, 'n_fine_samples': 128, 'white_bkgd': True, 'perturb': 1.0, 'raw_noise_std': 1.0}, 'test': {'test_only': False, 'test_spiral': False}}
Expected last learning rate: 3.8472487638356575e-05
/home/diya/anaconda3/envs/tensorRT_JY/lib/python3.8/site-packages/torch/functional.py:504: UserWarning: torch.meshgrid: in an upcoming release, it will be required to pass the indexing argument. (Triggered internally at ../aten/src/ATen/native/TensorShape.cpp:3526.)
  return _VF.meshgrid(tensors, **kwargs)  # type: ignore[attr-defined]
1 / 20000 Train Loss coarse train loss - 0.102966 fine train loss - 0.101550 Time: 4.101058 Lr: 0.0005
2 / 20000 Train Loss coarse train loss - 0.055920 fine train loss - 0.057320 Time: 4.083676 Lr: 0.0005
3 / 20000 Train Loss coarse train loss - 0.053115 fine train loss - 0.052628 Time: 4.013860 Lr: 0.0005
4 / 20000 Train Loss coarse train loss - 0.048314 fine train loss - 0.048475 Time: 3.896040 Lr: 0.0005
5 / 20000 Train Loss coarse train loss - 0.048416 fine train loss - 0.047452 Time: 3.836813 Lr: 0.0005
6 / 20000 Train Loss coarse train loss - 0.046797 fine train loss - 0.046441 Time: 3.900715 Lr: 0.0005
7 / 20000 Train Loss coarse train loss - 0.048282 fine train loss - 0.047460 Time: 4.355011 Lr: 0.0005
8 / 20000 Train Loss coarse train loss - 0.050193 fine train loss - 0.049605 Time: 4.697463 Lr: 0.0005
9 / 20000 Train Loss coarse train loss - 0.046096 fine train loss - 0.045146 Time: 3.902519 Lr: 0.0005
10 / 20000 Train Loss coarse train loss - 0.045742 fine train loss - 0.044221 Time: 3.777658 Lr: 0.0005
11 / 20000 Train Loss coarse train loss - 0.045910 fine train loss - 0.042771 Time: 3.623574 Lr: 0.0005
12 / 20000 Train Loss coarse train loss - 0.044156 fine train loss - 0.041593 Time: 3.853607 Lr: 0.0005
13 / 20000 Train Loss coarse train loss - 0.042730 fine train loss - 0.038414 Time: 3.688809 Lr: 0.0005
14 / 20000 Train Loss coarse train loss - 0.042957 fine train loss - 0.038152 Time: 3.587924 Lr: 0.0005
15 / 20000 Train Loss coarse train loss - 0.044733 fine train loss - 0.038570 Time: 3.625382 Lr: 0.0005
16 / 20000 Train Loss coarse train loss - 0.042945 fine train loss - 0.037371 Time: 4.270622 Lr: 0.0005
17 / 20000 Train Loss coarse train loss - 0.042465 fine train loss - 0.036298 Time: 4.206572 Lr: 0.0005
18 / 20000 Train Loss coarse train loss - 0.042111 fine train loss - 0.036021 Time: 3.648520 Lr: 0.0005
19 / 20000 Train Loss coarse train loss - 0.040547 fine train loss - 0.035117 Time: 4.231432 Lr: 0.0005
20 / 20000 Train Loss coarse train loss - 0.039699 fine train loss - 0.033947 Time: 3.792100 Lr: 0.0005
21 / 20000 Train Loss coarse train loss - 0.039858 fine train loss - 0.034241 Time: 3.692950 Lr: 0.0005
22 / 20000 Train Loss coarse train loss - 0.038839 fine train loss - 0.033216 Time: 3.624165 Lr: 0.0005
23 / 20000 Train Loss coarse train loss - 0.038855 fine train loss - 0.033377 Time: 3.959290 Lr: 0.0005
24 / 20000 Train Loss coarse train loss - 0.038158 fine train loss - 0.033455 Time: 3.970261 Lr: 0.0005
25 / 20000 Train Loss coarse train loss - 0.037259 fine train loss - 0.033207 Time: 4.118503 Lr: 0.0005
26 / 20000 Train Loss coarse train loss - 0.037727 fine train loss - 0.033744 Time: 4.027211 Lr: 0.0005
27 / 20000 Train Loss coarse train loss - 0.037294 fine train loss - 0.033455 Time: 4.738726 Lr: 0.0005
28 / 20000 Train Loss coarse train loss - 0.037304 fine train loss - 0.033231 Time: 4.296525 Lr: 0.0005
29 / 20000 Train Loss coarse train loss - 0.036529 fine train loss - 0.033196 Time: 4.096516 Lr: 0.0005
30 / 20000 Train Loss coarse train loss - 0.035866 fine train loss - 0.033277 Time: 4.025007 Lr: 0.0005
31 / 20000 Train Loss coarse train loss - 0.036553 fine train loss - 0.033299 Time: 4.437812 Lr: 0.0005
32 / 20000 Train Loss coarse train loss - 0.035123 fine train loss - 0.032858 Time: 3.999422 Lr: 0.0005
33 / 20000 Train Loss coarse train loss - 0.035715 fine train loss - 0.033198 Time: 4.228504 Lr: 0.0005
34 / 20000 Train Loss coarse train loss - 0.036014 fine train loss - 0.033398 Time: 4.135425 Lr: 0.0005
35 / 20000 Train Loss coarse train loss - 0.034747 fine train loss - 0.032561 Time: 4.240548 Lr: 0.0005
36 / 20000 Train Loss coarse train loss - 0.034644 fine train loss - 0.032691 Time: 3.963531 Lr: 0.0005
37 / 20000 Train Loss coarse train loss - 0.034284 fine train loss - 0.032568 Time: 4.190212 Lr: 0.0005
38 / 20000 Train Loss coarse train loss - 0.033775 fine train loss - 0.032172 Time: 4.166456 Lr: 0.0005
39 / 20000 Train Loss coarse train loss - 0.033995 fine train loss - 0.033045 Time: 5.059210 Lr: 0.0005
40 / 20000 Train Loss coarse train loss - 0.034439 fine train loss - 0.033118 Time: 4.020313 Lr: 0.0005
41 / 20000 Train Loss coarse train loss - 0.033306 fine train loss - 0.032391 Time: 4.486532 Lr: 0.0005
42 / 20000 Train Loss coarse train loss - 0.033736 fine train loss - 0.032510 Time: 4.218409 Lr: 0.0005
43 / 20000 Train Loss coarse train loss - 0.033670 fine train loss - 0.032514 Time: 3.887849 Lr: 0.0005
44 / 20000 Train Loss coarse train loss - 0.033245 fine train loss - 0.031960 Time: 4.103061 Lr: 0.0005
45 / 20000 Train Loss coarse train loss - 0.034075 fine train loss - 0.032900 Time: 13.189048 Lr: 0.0005
46 / 20000 Train Loss coarse train loss - 0.033641 fine train loss - 0.032407 Time: 11.334591 Lr: 0.0005
47 / 20000 Train Loss coarse train loss - 0.035104 fine train loss - 0.033579 Time: 4.286243 Lr: 0.0005
48 / 20000 Train Loss coarse train loss - 0.033860 fine train loss - 0.033235 Time: 4.316259 Lr: 0.0005
49 / 20000 Train Loss coarse train loss - 0.033467 fine train loss - 0.032838 Time: 4.264168 Lr: 0.0005
50 / 20000 Train Loss coarse train loss - 0.033542 fine train loss - 0.032811 Time: 15.897020 Lr: 0.0005
51 / 20000 Train Loss coarse train loss - 0.033016 fine train loss - 0.032508 Time: 12.584062 Lr: 0.0005
52 / 20000 Train Loss coarse train loss - 0.032510 fine train loss - 0.031988 Time: 4.708257 Lr: 0.0005
53 / 20000 Train Loss coarse train loss - 0.033475 fine train loss - 0.033135 Time: 4.236925 Lr: 0.0005
54 / 20000 Train Loss coarse train loss - 0.033163 fine train loss - 0.032732 Time: 3.575397 Lr: 0.0005
